Breakpoint 1 at 0x7fbd2de42021: file digioceand-utils.c, line 5165.
Breakpoint 2 at 0x7fbd2de42021: file digioceand-utils.c, line 5165.
Continuing.
Detaching after fork from child process 32181.
Detaching after fork from child process 32214.
Detaching after fork from child process 32217.
[Switching to Thread 0x7fbd2a17a700 (LWP 6279)]

Breakpoint 2, digioceand_set_brick_status (brickinfo=0x7fbd14582400, status=GF_BRICK_STARTED) at digioceand-utils.c:5165
5165	        GF_ASSERT (brickinfo);
$1 = "node-1.test", '\000' <repeats 1012 times>
#0  digioceand_set_brick_status (brickinfo=0x7fbd14582400, status=GF_BRICK_STARTED) at digioceand-utils.c:5165
#1  0x00007fbd2de168c0 in __digioceand_brick_rpc_notify (rpc=0x7fbd243a85e0, mydata=0x7fbd2438b220, event=RPC_CLNT_CONNECT, data=0x0) at digioceand-handler.c:4996
#2  0x00007fbd2de07ed8 in digioceand_big_locked_notify (rpc=0x7fbd243a85e0, mydata=0x7fbd2438b220, event=RPC_CLNT_CONNECT, data=0x0, notify_fn=0x7fbd2de1658b <__digioceand_brick_rpc_notify>) at digioceand-handler.c:67
#3  0x00007fbd2de16a32 in digioceand_brick_rpc_notify (rpc=0x7fbd243a85e0, mydata=0x7fbd2438b220, event=RPC_CLNT_CONNECT, data=0x0) at digioceand-handler.c:5030
#4  0x00007fbd388cb792 in rpc_clnt_notify (trans=0x7fbd24399270, mydata=0x7fbd243a8610, event=RPC_TRANSPORT_CONNECT, data=0x7fbd24399270) at rpc-clnt.c:932
#5  0x00007fbd388c7ad1 in rpc_transport_notify (this=0x7fbd24399270, event=RPC_TRANSPORT_CONNECT, data=0x7fbd24399270) at rpc-transport.c:541
#6  0x00007fbd2bb81ecb in socket_connect_finish (this=0x7fbd24399270) at socket.c:2309
#7  0x00007fbd2bb820b4 in socket_event_handler (fd=16, idx=8, data=0x7fbd24399270, poll_in=0, poll_out=4, poll_err=0) at socket.c:2339
#8  0x00007fbd38b649c0 in event_dispatch_epoll_handler (event_pool=0x1ce0da0, event=0x7fbd2a179ea0) at event-epoll.c:571
#9  0x00007fbd38b64d9f in event_dispatch_epoll_worker (data=0x1ceb0e0) at event-epoll.c:674
#10 0x00007fbd3795cdf3 in start_thread () from /lib64/libpthread.so.0
#11 0x00007fbd372a53dd in clone () from /lib64/libc.so.6
Detaching after fork from child process 32515.
Detaching after fork from child process 32546.
Detaching after fork from child process 335.
Detaching after fork from child process 547.
Detaching after fork from child process 619.
Detaching after fork from child process 1353.
Detaching after fork from child process 1374.
Detaching after fork from child process 1383.
Detaching after fork from child process 2690.
Detaching after fork from child process 2711.
Detaching after fork from child process 2822.
Detaching after fork from child process 3904.
Detaching after fork from child process 3912.
Detaching after fork from child process 3934.
Detaching after fork from child process 4910.
Detaching after fork from child process 4918.
Detaching after fork from child process 4939.

Program received signal SIGINT, Interrupt.
[Switching to Thread 0x7fbd38fc2780 (LWP 5885)]
0x00007fbd3795df37 in pthread_join () from /lib64/libpthread.so.0
Missing separate debuginfos, use: debuginfo-install libacl-2.2.51-12.el7.x86_64 libaio-0.3.109-12.el7.x86_64 libattr-2.4.46-12.el7.x86_64 sqlite-3.7.17-4.el7.x86_64
Breakpoint 3 at 0x7fbd2dec86a3: file digioceand-syncop.c, line 1631.
Continuing.
[Switching to Thread 0x7fbd2f185700 (LWP 5888)]

Breakpoint 3, gd_brick_op_phase (op=GD_OP_STOP_VOLUME, op_ctx=0x7fbd243e7f2c, req_dict=0x7fbd1458ff7c, op_errstr=0x7fbd2075f800) at digioceand-syncop.c:1631
1631	        digioceand_pending_node_t *pending_node = NULL;
1632	        struct cds_list_head    selected = {0,};
1633	        xlator_t                *this = NULL;
1634	        int                     brick_count = 0;
1635	        int                     ret = -1;
1636	        rpc_clnt_t              *rpc = NULL;
1637	        dict_t                  *rsp_dict = NULL;
1638	        digioceand_conf_t         *conf = NULL;
1639	        int32_t                 cmd = GF_OP_CMD_NONE;
1641	        this = THIS;
1642	        conf = this->private;
1643	        rsp_dict = dict_new ();
1644	        if (!rsp_dict) {
1649	        CDS_INIT_LIST_HEAD (&selected);
1650	        ret = digioceand_op_bricks_select (op, req_dict, op_errstr, &selected,
digioceand_op_bricks_select (op=GD_OP_STOP_VOLUME, dict=0x7fbd1458ff7c, op_errstr=0x7fbd2075f800, selected=0x7fbd2075f6d0, rsp_dict=0x7fbd243c0acc) at digioceand-op-sm.c:7385
7385	        int     ret = 0;
7387	        GF_ASSERT (dict);
7388	        GF_ASSERT (op_errstr);
7389	        GF_ASSERT (op > GD_OP_NONE);
7390	        GF_ASSERT (op < GD_OP_MAX);
7392	        switch (op) {
7394	                ret = digioceand_bricks_select_stop_volume (dict, op_errstr,
digioceand_bricks_select_stop_volume (dict=0x7fbd1458ff7c, op_errstr=0x7fbd2075f800, selected=0x7fbd2075f6d0) at digioceand-op-sm.c:5824
5824	        int                                     ret = 0;
5825	        int                                     flags = 0;
5826	        char                                    *volname = NULL;
5827	        digioceand_volinfo_t                      *volinfo = NULL;
5828	        digioceand_brickinfo_t                    *brickinfo = NULL;
5829	        digioceand_pending_node_t                 *pending_node = NULL;
5831	        ret = digioceand_op_stop_volume_args_get (dict, &volname, &flags);
5832	        if (ret)
5835	        ret  = digioceand_volinfo_find (volname, &volinfo);
$2 = 0x7fbd243cf350 "test"
$3 = 1
5836	        if (ret) {
5844	        cds_list_for_each_entry (brickinfo, &volinfo->bricks, brick_list) {
5845	                if (digioceand_is_brick_started (brickinfo)) {
$4 = GF_BRICK_STOPPED
$5 = "node-2.test", '\000' <repeats 1012 times>
$6 = "/digioceanfs/md-uuid-abe1d617-5cef0677-190aac02-99916aed", '\000' <repeats 4039 times>
5844	        cds_list_for_each_entry (brickinfo, &volinfo->bricks, brick_list) {
5845	                if (digioceand_is_brick_started (brickinfo)) {
$7 = "/digioceanfs/md-uuid-e1db2159-2a5bd991-35f988cd-7eab885a", '\000' <repeats 4039 times>
$8 = "node-3.test", '\000' <repeats 1012 times>
$9 = GF_BRICK_STOPPED
5844	        cds_list_for_each_entry (brickinfo, &volinfo->bricks, brick_list) {
5845	                if (digioceand_is_brick_started (brickinfo)) {
$10 = "node-1.test", '\000' <repeats 1012 times>
$11 = GF_BRICK_STARTED
$12 = "/digioceanfs/md-uuid-d0bc9616-a74edc36-cfe9b752-424d3b24", '\000' <repeats 4039 times>
Continuing.

Program received signal SIGINT, Interrupt.
[Switching to Thread 0x7fbd38fc2780 (LWP 5885)]
0x00007fbd3795df37 in pthread_join () from /lib64/libpthread.so.0
A debugging session is active.

	Inferior 1 [process 5885] will be detached.

Quit anyway? (y or n) Detaching from program: /usr/sbin/digioceanfsd, process 5885
